<?xml version="1.0" encoding="UTF-8"?>
<testsuite xmlns:xsi="http://www.w3.org/2001/XMLSchema-instance" xsi:noNamespaceSchemaLocation="https://maven.apache.org/surefire/maven-surefire-plugin/xsd/surefire-test-report-3.0.xsd" version="3.0" name="TestSuite" time="355.308" tests="39" errors="0" skipped="0" failures="0">
  <properties>
    <property name="java.specification.version" value="17"/>
    <property name="webdriver.chrome.driver" value="C:\Users\Sumit\.cache\selenium\chromedriver\win64\131.0.6778.108\chromedriver.exe"/>
    <property name="sun.cpu.isalist" value="amd64"/>
    <property name="sun.jnu.encoding" value="Cp1252"/>
    <property name="java.class.path" value="D:\QA Automation\AutomationFramework\target\test-classes;D:\QA Automation\AutomationFramework\target\classes;C:\Users\Sumit\.m2\repository\org\seleniumhq\selenium\selenium-java\4.24.0\selenium-java-4.24.0.jar;C:\Users\Sumit\.m2\repository\org\seleniumhq\selenium\selenium-api\4.24.0\selenium-api-4.24.0.jar;C:\Users\Sumit\.m2\repository\org\jspecify\jspecify\1.0.0\jspecify-1.0.0.jar;C:\Users\Sumit\.m2\repository\org\seleniumhq\selenium\selenium-chrome-driver\4.24.0\selenium-chrome-driver-4.24.0.jar;C:\Users\Sumit\.m2\repository\com\google\auto\service\auto-service-annotations\1.1.1\auto-service-annotations-1.1.1.jar;C:\Users\Sumit\.m2\repository\org\seleniumhq\selenium\selenium-chromium-driver\4.24.0\selenium-chromium-driver-4.24.0.jar;C:\Users\Sumit\.m2\repository\org\seleniumhq\selenium\selenium-json\4.24.0\selenium-json-4.24.0.jar;C:\Users\Sumit\.m2\repository\org\seleniumhq\selenium\selenium-manager\4.24.0\selenium-manager-4.24.0.jar;C:\Users\Sumit\.m2\repository\org\seleniumhq\selenium\selenium-devtools-v126\4.24.0\selenium-devtools-v126-4.24.0.jar;C:\Users\Sumit\.m2\repository\org\seleniumhq\selenium\selenium-devtools-v127\4.24.0\selenium-devtools-v127-4.24.0.jar;C:\Users\Sumit\.m2\repository\org\seleniumhq\selenium\selenium-devtools-v128\4.24.0\selenium-devtools-v128-4.24.0.jar;C:\Users\Sumit\.m2\repository\org\seleniumhq\selenium\selenium-devtools-v85\4.24.0\selenium-devtools-v85-4.24.0.jar;C:\Users\Sumit\.m2\repository\org\seleniumhq\selenium\selenium-edge-driver\4.24.0\selenium-edge-driver-4.24.0.jar;C:\Users\Sumit\.m2\repository\org\seleniumhq\selenium\selenium-firefox-driver\4.24.0\selenium-firefox-driver-4.24.0.jar;C:\Users\Sumit\.m2\repository\org\seleniumhq\selenium\selenium-http\4.24.0\selenium-http-4.24.0.jar;C:\Users\Sumit\.m2\repository\dev\failsafe\failsafe\3.3.2\failsafe-3.3.2.jar;C:\Users\Sumit\.m2\repository\org\seleniumhq\selenium\selenium-ie-driver\4.24.0\selenium-ie-driver-4.24.0.jar;C:\Users\Sumit\.m2\repository\org\seleniumhq\selenium\selenium-remote-driver\4.24.0\selenium-remote-driver-4.24.0.jar;C:\Users\Sumit\.m2\repository\com\google\guava\guava\33.3.0-jre\guava-33.3.0-jre.jar;C:\Users\Sumit\.m2\repository\com\google\guava\failureaccess\1.0.2\failureaccess-1.0.2.jar;C:\Users\Sumit\.m2\repository\com\google\guava\listenablefuture\9999.0-empty-to-avoid-conflict-with-guava\listenablefuture-9999.0-empty-to-avoid-conflict-with-guava.jar;C:\Users\Sumit\.m2\repository\com\google\code\findbugs\jsr305\3.0.2\jsr305-3.0.2.jar;C:\Users\Sumit\.m2\repository\org\checkerframework\checker-qual\3.43.0\checker-qual-3.43.0.jar;C:\Users\Sumit\.m2\repository\com\google\j2objc\j2objc-annotations\3.0.0\j2objc-annotations-3.0.0.jar;C:\Users\Sumit\.m2\repository\io\opentelemetry\semconv\opentelemetry-semconv\1.25.0-alpha\opentelemetry-semconv-1.25.0-alpha.jar;C:\Users\Sumit\.m2\repository\io\opentelemetry\opentelemetry-api\1.41.0\opentelemetry-api-1.41.0.jar;C:\Users\Sumit\.m2\repository\io\opentelemetry\opentelemetry-context\1.41.0\opentelemetry-context-1.41.0.jar;C:\Users\Sumit\.m2\repository\io\opentelemetry\opentelemetry-exporter-logging\1.41.0\opentelemetry-exporter-logging-1.41.0.jar;C:\Users\Sumit\.m2\repository\io\opentelemetry\opentelemetry-sdk-common\1.41.0\opentelemetry-sdk-common-1.41.0.jar;C:\Users\Sumit\.m2\repository\io\opentelemetry\opentelemetry-sdk-extension-autoconfigure-spi\1.41.0\opentelemetry-sdk-extension-autoconfigure-spi-1.41.0.jar;C:\Users\Sumit\.m2\repository\io\opentelemetry\opentelemetry-sdk-extension-autoconfigure\1.41.0\opentelemetry-sdk-extension-autoconfigure-1.41.0.jar;C:\Users\Sumit\.m2\repository\io\opentelemetry\opentelemetry-api-incubator\1.41.0-alpha\opentelemetry-api-incubator-1.41.0-alpha.jar;C:\Users\Sumit\.m2\repository\io\opentelemetry\opentelemetry-sdk-trace\1.41.0\opentelemetry-sdk-trace-1.41.0.jar;C:\Users\Sumit\.m2\repository\io\opentelemetry\opentelemetry-sdk\1.41.0\opentelemetry-sdk-1.41.0.jar;C:\Users\Sumit\.m2\repository\io\opentelemetry\opentelemetry-sdk-metrics\1.41.0\opentelemetry-sdk-metrics-1.41.0.jar;C:\Users\Sumit\.m2\repository\io\opentelemetry\opentelemetry-sdk-logs\1.41.0\opentelemetry-sdk-logs-1.41.0.jar;C:\Users\Sumit\.m2\repository\net\bytebuddy\byte-buddy\1.15.0\byte-buddy-1.15.0.jar;C:\Users\Sumit\.m2\repository\org\seleniumhq\selenium\selenium-os\4.24.0\selenium-os-4.24.0.jar;C:\Users\Sumit\.m2\repository\org\apache\commons\commons-exec\1.4.0\commons-exec-1.4.0.jar;C:\Users\Sumit\.m2\repository\org\seleniumhq\selenium\selenium-safari-driver\4.24.0\selenium-safari-driver-4.24.0.jar;C:\Users\Sumit\.m2\repository\org\seleniumhq\selenium\selenium-support\4.24.0\selenium-support-4.24.0.jar;C:\Users\Sumit\.m2\repository\org\testng\testng\7.10.2\testng-7.10.2.jar;C:\Users\Sumit\.m2\repository\org\slf4j\slf4j-api\1.7.36\slf4j-api-1.7.36.jar;C:\Users\Sumit\.m2\repository\com\beust\jcommander\1.82\jcommander-1.82.jar;C:\Users\Sumit\.m2\repository\org\webjars\jquery\3.7.1\jquery-3.7.1.jar;C:\Users\Sumit\.m2\repository\org\uncommons\reportng\1.1.4\reportng-1.1.4.jar;C:\Users\Sumit\.m2\repository\velocity\velocity\1.4\velocity-1.4.jar;C:\Users\Sumit\.m2\repository\velocity\velocity-dep\1.4\velocity-dep-1.4.jar;C:\Users\Sumit\.m2\repository\org\apache\logging\log4j\log4j-core\2.23.1\log4j-core-2.23.1.jar;C:\Users\Sumit\.m2\repository\org\apache\logging\log4j\log4j-api\2.24.0\log4j-api-2.24.0.jar;C:\Users\Sumit\.m2\repository\org\apache\poi\poi\5.2.5\poi-5.2.5.jar;C:\Users\Sumit\.m2\repository\commons-codec\commons-codec\1.16.0\commons-codec-1.16.0.jar;C:\Users\Sumit\.m2\repository\org\apache\commons\commons-math3\3.6.1\commons-math3-3.6.1.jar;C:\Users\Sumit\.m2\repository\commons-io\commons-io\2.15.0\commons-io-2.15.0.jar;C:\Users\Sumit\.m2\repository\com\zaxxer\SparseBitSet\1.3\SparseBitSet-1.3.jar;C:\Users\Sumit\.m2\repository\org\apache\poi\poi-ooxml\5.2.5\poi-ooxml-5.2.5.jar;C:\Users\Sumit\.m2\repository\org\apache\poi\poi-ooxml-lite\5.2.5\poi-ooxml-lite-5.2.5.jar;C:\Users\Sumit\.m2\repository\org\apache\commons\commons-compress\1.25.0\commons-compress-1.25.0.jar;C:\Users\Sumit\.m2\repository\com\github\virtuald\curvesapi\1.08\curvesapi-1.08.jar;C:\Users\Sumit\.m2\repository\org\apache\poi\poi-ooxml-schemas\4.1.2\poi-ooxml-schemas-4.1.2.jar;C:\Users\Sumit\.m2\repository\org\apache\xmlbeans\xmlbeans\5.2.1\xmlbeans-5.2.1.jar;C:\Users\Sumit\.m2\repository\org\apache\commons\commons-collections4\4.4\commons-collections4-4.4.jar;C:\Users\Sumit\.m2\repository\io\github\bonigarcia\webdrivermanager\5.9.2\webdrivermanager-5.9.2.jar;C:\Users\Sumit\.m2\repository\com\google\code\gson\gson\2.11.0\gson-2.11.0.jar;C:\Users\Sumit\.m2\repository\com\google\errorprone\error_prone_annotations\2.27.0\error_prone_annotations-2.27.0.jar;C:\Users\Sumit\.m2\repository\com\github\docker-java\docker-java\3.4.0\docker-java-3.4.0.jar;C:\Users\Sumit\.m2\repository\com\github\docker-java\docker-java-core\3.4.0\docker-java-core-3.4.0.jar;C:\Users\Sumit\.m2\repository\com\github\docker-java\docker-java-api\3.4.0\docker-java-api-3.4.0.jar;C:\Users\Sumit\.m2\repository\com\fasterxml\jackson\core\jackson-annotations\2.10.3\jackson-annotations-2.10.3.jar;C:\Users\Sumit\.m2\repository\com\fasterxml\jackson\core\jackson-databind\2.10.3\jackson-databind-2.10.3.jar;C:\Users\Sumit\.m2\repository\com\fasterxml\jackson\core\jackson-core\2.10.3\jackson-core-2.10.3.jar;C:\Users\Sumit\.m2\repository\org\slf4j\jcl-over-slf4j\1.7.30\jcl-over-slf4j-1.7.30.jar;C:\Users\Sumit\.m2\repository\com\github\docker-java\docker-java-transport-httpclient5\3.4.0\docker-java-transport-httpclient5-3.4.0.jar;C:\Users\Sumit\.m2\repository\com\github\docker-java\docker-java-transport\3.4.0\docker-java-transport-3.4.0.jar;C:\Users\Sumit\.m2\repository\net\java\dev\jna\jna\5.13.0\jna-5.13.0.jar;C:\Users\Sumit\.m2\repository\org\brotli\dec\0.1.2\dec-0.1.2.jar;C:\Users\Sumit\.m2\repository\org\apache\commons\commons-lang3\3.15.0\commons-lang3-3.15.0.jar;C:\Users\Sumit\.m2\repository\org\apache\httpcomponents\client5\httpclient5\5.2.1\httpclient5-5.2.1.jar;C:\Users\Sumit\.m2\repository\org\apache\httpcomponents\core5\httpcore5\5.2\httpcore5-5.2.jar;C:\Users\Sumit\.m2\repository\org\apache\httpcomponents\core5\httpcore5-h2\5.2\httpcore5-h2-5.2.jar;C:\Users\Sumit\.m2\repository\com\sun\mail\javax.mail\1.6.2\javax.mail-1.6.2.jar;C:\Users\Sumit\.m2\repository\javax\activation\activation\1.1\activation-1.1.jar;C:\Users\Sumit\.m2\repository\org\jsoup\jsoup\1.15.4\jsoup-1.15.4.jar;C:\Users\Sumit\.m2\repository\io\qameta\allure\allure-testng\2.20.0\allure-testng-2.20.0.jar;C:\Users\Sumit\.m2\repository\io\qameta\allure\allure-java-commons\2.20.0\allure-java-commons-2.20.0.jar;C:\Users\Sumit\.m2\repository\io\qameta\allure\allure-model\2.20.0\allure-model-2.20.0.jar;C:\Users\Sumit\.m2\repository\io\qameta\allure\allure-test-filter\2.20.0\allure-test-filter-2.20.0.jar;"/>
    <property name="java.vm.vendor" value="Oracle Corporation"/>
    <property name="sun.arch.data.model" value="64"/>
    <property name="user.variant" value=""/>
    <property name="java.vendor.url" value="https://java.oracle.com/"/>
    <property name="user.timezone" value="Asia/Calcutta"/>
    <property name="os.name" value="Windows 10"/>
    <property name="java.vm.specification.version" value="17"/>
    <property name="sun.java.launcher" value="SUN_STANDARD"/>
    <property name="user.country" value="IN"/>
    <property name="sun.boot.library.path" value="C:\Program Files\Java\jdk-17.0.1\bin"/>
    <property name="sun.java.command" value="C:\Users\Sumit\AppData\Local\Temp\surefire12326854095444337548\surefirebooter-20241219120411928_3.jar C:\Users\Sumit\AppData\Local\Temp\surefire12326854095444337548 2024-12-19T12-04-11_542-jvmRun1 surefire-20241219120411928_1tmp surefire_0-20241219120411928_2tmp"/>
    <property name="jdk.debug" value="release"/>
    <property name="surefire.test.class.path" value="D:\QA Automation\AutomationFramework\target\test-classes;D:\QA Automation\AutomationFramework\target\classes;C:\Users\Sumit\.m2\repository\org\seleniumhq\selenium\selenium-java\4.24.0\selenium-java-4.24.0.jar;C:\Users\Sumit\.m2\repository\org\seleniumhq\selenium\selenium-api\4.24.0\selenium-api-4.24.0.jar;C:\Users\Sumit\.m2\repository\org\jspecify\jspecify\1.0.0\jspecify-1.0.0.jar;C:\Users\Sumit\.m2\repository\org\seleniumhq\selenium\selenium-chrome-driver\4.24.0\selenium-chrome-driver-4.24.0.jar;C:\Users\Sumit\.m2\repository\com\google\auto\service\auto-service-annotations\1.1.1\auto-service-annotations-1.1.1.jar;C:\Users\Sumit\.m2\repository\org\seleniumhq\selenium\selenium-chromium-driver\4.24.0\selenium-chromium-driver-4.24.0.jar;C:\Users\Sumit\.m2\repository\org\seleniumhq\selenium\selenium-json\4.24.0\selenium-json-4.24.0.jar;C:\Users\Sumit\.m2\repository\org\seleniumhq\selenium\selenium-manager\4.24.0\selenium-manager-4.24.0.jar;C:\Users\Sumit\.m2\repository\org\seleniumhq\selenium\selenium-devtools-v126\4.24.0\selenium-devtools-v126-4.24.0.jar;C:\Users\Sumit\.m2\repository\org\seleniumhq\selenium\selenium-devtools-v127\4.24.0\selenium-devtools-v127-4.24.0.jar;C:\Users\Sumit\.m2\repository\org\seleniumhq\selenium\selenium-devtools-v128\4.24.0\selenium-devtools-v128-4.24.0.jar;C:\Users\Sumit\.m2\repository\org\seleniumhq\selenium\selenium-devtools-v85\4.24.0\selenium-devtools-v85-4.24.0.jar;C:\Users\Sumit\.m2\repository\org\seleniumhq\selenium\selenium-edge-driver\4.24.0\selenium-edge-driver-4.24.0.jar;C:\Users\Sumit\.m2\repository\org\seleniumhq\selenium\selenium-firefox-driver\4.24.0\selenium-firefox-driver-4.24.0.jar;C:\Users\Sumit\.m2\repository\org\seleniumhq\selenium\selenium-http\4.24.0\selenium-http-4.24.0.jar;C:\Users\Sumit\.m2\repository\dev\failsafe\failsafe\3.3.2\failsafe-3.3.2.jar;C:\Users\Sumit\.m2\repository\org\seleniumhq\selenium\selenium-ie-driver\4.24.0\selenium-ie-driver-4.24.0.jar;C:\Users\Sumit\.m2\repository\org\seleniumhq\selenium\selenium-remote-driver\4.24.0\selenium-remote-driver-4.24.0.jar;C:\Users\Sumit\.m2\repository\com\google\guava\guava\33.3.0-jre\guava-33.3.0-jre.jar;C:\Users\Sumit\.m2\repository\com\google\guava\failureaccess\1.0.2\failureaccess-1.0.2.jar;C:\Users\Sumit\.m2\repository\com\google\guava\listenablefuture\9999.0-empty-to-avoid-conflict-with-guava\listenablefuture-9999.0-empty-to-avoid-conflict-with-guava.jar;C:\Users\Sumit\.m2\repository\com\google\code\findbugs\jsr305\3.0.2\jsr305-3.0.2.jar;C:\Users\Sumit\.m2\repository\org\checkerframework\checker-qual\3.43.0\checker-qual-3.43.0.jar;C:\Users\Sumit\.m2\repository\com\google\j2objc\j2objc-annotations\3.0.0\j2objc-annotations-3.0.0.jar;C:\Users\Sumit\.m2\repository\io\opentelemetry\semconv\opentelemetry-semconv\1.25.0-alpha\opentelemetry-semconv-1.25.0-alpha.jar;C:\Users\Sumit\.m2\repository\io\opentelemetry\opentelemetry-api\1.41.0\opentelemetry-api-1.41.0.jar;C:\Users\Sumit\.m2\repository\io\opentelemetry\opentelemetry-context\1.41.0\opentelemetry-context-1.41.0.jar;C:\Users\Sumit\.m2\repository\io\opentelemetry\opentelemetry-exporter-logging\1.41.0\opentelemetry-exporter-logging-1.41.0.jar;C:\Users\Sumit\.m2\repository\io\opentelemetry\opentelemetry-sdk-common\1.41.0\opentelemetry-sdk-common-1.41.0.jar;C:\Users\Sumit\.m2\repository\io\opentelemetry\opentelemetry-sdk-extension-autoconfigure-spi\1.41.0\opentelemetry-sdk-extension-autoconfigure-spi-1.41.0.jar;C:\Users\Sumit\.m2\repository\io\opentelemetry\opentelemetry-sdk-extension-autoconfigure\1.41.0\opentelemetry-sdk-extension-autoconfigure-1.41.0.jar;C:\Users\Sumit\.m2\repository\io\opentelemetry\opentelemetry-api-incubator\1.41.0-alpha\opentelemetry-api-incubator-1.41.0-alpha.jar;C:\Users\Sumit\.m2\repository\io\opentelemetry\opentelemetry-sdk-trace\1.41.0\opentelemetry-sdk-trace-1.41.0.jar;C:\Users\Sumit\.m2\repository\io\opentelemetry\opentelemetry-sdk\1.41.0\opentelemetry-sdk-1.41.0.jar;C:\Users\Sumit\.m2\repository\io\opentelemetry\opentelemetry-sdk-metrics\1.41.0\opentelemetry-sdk-metrics-1.41.0.jar;C:\Users\Sumit\.m2\repository\io\opentelemetry\opentelemetry-sdk-logs\1.41.0\opentelemetry-sdk-logs-1.41.0.jar;C:\Users\Sumit\.m2\repository\net\bytebuddy\byte-buddy\1.15.0\byte-buddy-1.15.0.jar;C:\Users\Sumit\.m2\repository\org\seleniumhq\selenium\selenium-os\4.24.0\selenium-os-4.24.0.jar;C:\Users\Sumit\.m2\repository\org\apache\commons\commons-exec\1.4.0\commons-exec-1.4.0.jar;C:\Users\Sumit\.m2\repository\org\seleniumhq\selenium\selenium-safari-driver\4.24.0\selenium-safari-driver-4.24.0.jar;C:\Users\Sumit\.m2\repository\org\seleniumhq\selenium\selenium-support\4.24.0\selenium-support-4.24.0.jar;C:\Users\Sumit\.m2\repository\org\testng\testng\7.10.2\testng-7.10.2.jar;C:\Users\Sumit\.m2\repository\org\slf4j\slf4j-api\1.7.36\slf4j-api-1.7.36.jar;C:\Users\Sumit\.m2\repository\com\beust\jcommander\1.82\jcommander-1.82.jar;C:\Users\Sumit\.m2\repository\org\webjars\jquery\3.7.1\jquery-3.7.1.jar;C:\Users\Sumit\.m2\repository\org\uncommons\reportng\1.1.4\reportng-1.1.4.jar;C:\Users\Sumit\.m2\repository\velocity\velocity\1.4\velocity-1.4.jar;C:\Users\Sumit\.m2\repository\velocity\velocity-dep\1.4\velocity-dep-1.4.jar;C:\Users\Sumit\.m2\repository\org\apache\logging\log4j\log4j-core\2.23.1\log4j-core-2.23.1.jar;C:\Users\Sumit\.m2\repository\org\apache\logging\log4j\log4j-api\2.24.0\log4j-api-2.24.0.jar;C:\Users\Sumit\.m2\repository\org\apache\poi\poi\5.2.5\poi-5.2.5.jar;C:\Users\Sumit\.m2\repository\commons-codec\commons-codec\1.16.0\commons-codec-1.16.0.jar;C:\Users\Sumit\.m2\repository\org\apache\commons\commons-math3\3.6.1\commons-math3-3.6.1.jar;C:\Users\Sumit\.m2\repository\commons-io\commons-io\2.15.0\commons-io-2.15.0.jar;C:\Users\Sumit\.m2\repository\com\zaxxer\SparseBitSet\1.3\SparseBitSet-1.3.jar;C:\Users\Sumit\.m2\repository\org\apache\poi\poi-ooxml\5.2.5\poi-ooxml-5.2.5.jar;C:\Users\Sumit\.m2\repository\org\apache\poi\poi-ooxml-lite\5.2.5\poi-ooxml-lite-5.2.5.jar;C:\Users\Sumit\.m2\repository\org\apache\commons\commons-compress\1.25.0\commons-compress-1.25.0.jar;C:\Users\Sumit\.m2\repository\com\github\virtuald\curvesapi\1.08\curvesapi-1.08.jar;C:\Users\Sumit\.m2\repository\org\apache\poi\poi-ooxml-schemas\4.1.2\poi-ooxml-schemas-4.1.2.jar;C:\Users\Sumit\.m2\repository\org\apache\xmlbeans\xmlbeans\5.2.1\xmlbeans-5.2.1.jar;C:\Users\Sumit\.m2\repository\org\apache\commons\commons-collections4\4.4\commons-collections4-4.4.jar;C:\Users\Sumit\.m2\repository\io\github\bonigarcia\webdrivermanager\5.9.2\webdrivermanager-5.9.2.jar;C:\Users\Sumit\.m2\repository\com\google\code\gson\gson\2.11.0\gson-2.11.0.jar;C:\Users\Sumit\.m2\repository\com\google\errorprone\error_prone_annotations\2.27.0\error_prone_annotations-2.27.0.jar;C:\Users\Sumit\.m2\repository\com\github\docker-java\docker-java\3.4.0\docker-java-3.4.0.jar;C:\Users\Sumit\.m2\repository\com\github\docker-java\docker-java-core\3.4.0\docker-java-core-3.4.0.jar;C:\Users\Sumit\.m2\repository\com\github\docker-java\docker-java-api\3.4.0\docker-java-api-3.4.0.jar;C:\Users\Sumit\.m2\repository\com\fasterxml\jackson\core\jackson-annotations\2.10.3\jackson-annotations-2.10.3.jar;C:\Users\Sumit\.m2\repository\com\fasterxml\jackson\core\jackson-databind\2.10.3\jackson-databind-2.10.3.jar;C:\Users\Sumit\.m2\repository\com\fasterxml\jackson\core\jackson-core\2.10.3\jackson-core-2.10.3.jar;C:\Users\Sumit\.m2\repository\org\slf4j\jcl-over-slf4j\1.7.30\jcl-over-slf4j-1.7.30.jar;C:\Users\Sumit\.m2\repository\com\github\docker-java\docker-java-transport-httpclient5\3.4.0\docker-java-transport-httpclient5-3.4.0.jar;C:\Users\Sumit\.m2\repository\com\github\docker-java\docker-java-transport\3.4.0\docker-java-transport-3.4.0.jar;C:\Users\Sumit\.m2\repository\net\java\dev\jna\jna\5.13.0\jna-5.13.0.jar;C:\Users\Sumit\.m2\repository\org\brotli\dec\0.1.2\dec-0.1.2.jar;C:\Users\Sumit\.m2\repository\org\apache\commons\commons-lang3\3.15.0\commons-lang3-3.15.0.jar;C:\Users\Sumit\.m2\repository\org\apache\httpcomponents\client5\httpclient5\5.2.1\httpclient5-5.2.1.jar;C:\Users\Sumit\.m2\repository\org\apache\httpcomponents\core5\httpcore5\5.2\httpcore5-5.2.jar;C:\Users\Sumit\.m2\repository\org\apache\httpcomponents\core5\httpcore5-h2\5.2\httpcore5-h2-5.2.jar;C:\Users\Sumit\.m2\repository\com\sun\mail\javax.mail\1.6.2\javax.mail-1.6.2.jar;C:\Users\Sumit\.m2\repository\javax\activation\activation\1.1\activation-1.1.jar;C:\Users\Sumit\.m2\repository\org\jsoup\jsoup\1.15.4\jsoup-1.15.4.jar;C:\Users\Sumit\.m2\repository\io\qameta\allure\allure-testng\2.20.0\allure-testng-2.20.0.jar;C:\Users\Sumit\.m2\repository\io\qameta\allure\allure-java-commons\2.20.0\allure-java-commons-2.20.0.jar;C:\Users\Sumit\.m2\repository\io\qameta\allure\allure-model\2.20.0\allure-model-2.20.0.jar;C:\Users\Sumit\.m2\repository\io\qameta\allure\allure-test-filter\2.20.0\allure-test-filter-2.20.0.jar;"/>
    <property name="sun.cpu.endian" value="little"/>
    <property name="user.home" value="C:\Users\Sumit"/>
    <property name="user.language" value="en"/>
    <property name="java.specification.vendor" value="Oracle Corporation"/>
    <property name="java.version.date" value="2021-10-19"/>
    <property name="java.home" value="C:\Program Files\Java\jdk-17.0.1"/>
    <property name="file.separator" value="\"/>
    <property name="basedir" value="D:\QA Automation\AutomationFramework"/>
    <property name="java.vm.compressedOopsMode" value="32-bit"/>
    <property name="line.separator" value="&#10;"/>
    <property name="java.vm.specification.vendor" value="Oracle Corporation"/>
    <property name="java.specification.name" value="Java Platform API Specification"/>
    <property name="surefire.real.class.path" value="C:\Users\Sumit\AppData\Local\Temp\surefire12326854095444337548\surefirebooter-20241219120411928_3.jar"/>
    <property name="user.script" value=""/>
    <property name="sun.management.compiler" value="HotSpot 64-Bit Tiered Compilers"/>
    <property name="java.runtime.version" value="17.0.1+12-LTS-39"/>
    <property name="user.name" value="Sumit"/>
    <property name="path.separator" value=";"/>
    <property name="os.version" value="10.0"/>
    <property name="java.runtime.name" value="Java(TM) SE Runtime Environment"/>
    <property name="file.encoding" value="Cp1252"/>
    <property name="java.vm.name" value="Java HotSpot(TM) 64-Bit Server VM"/>
    <property name="localRepository" value="C:\Users\Sumit\.m2\repository"/>
    <property name="java.vendor.url.bug" value="https://bugreport.java.com/bugreport/"/>
    <property name="java.io.tmpdir" value="C:\Users\Sumit\AppData\Local\Temp\"/>
    <property name="java.version" value="17.0.1"/>
    <property name="user.dir" value="D:\QA Automation\AutomationFramework"/>
    <property name="os.arch" value="amd64"/>
    <property name="java.vm.specification.name" value="Java Virtual Machine Specification"/>
    <property name="sun.os.patch.level" value=""/>
    <property name="native.encoding" value="Cp1252"/>
    <property name="java.library.path" value="C:\Program Files\Java\jdk-17.0.1\bin;C:\WINDOWS\Sun\Java\bin;C:\WINDOWS\system32;C:\WINDOWS;C:\Users\Sumit\bin;C:\Users\Sumit\AppData\Local\Programs\Git\mingw64\bin;C:\Users\Sumit\AppData\Local\Programs\Git\usr\local\bin;C:\Users\Sumit\AppData\Local\Programs\Git\usr\bin;C:\Users\Sumit\AppData\Local\Programs\Git\usr\bin;C:\Users\Sumit\AppData\Local\Programs\Git\mingw64\bin;C:\Users\Sumit\AppData\Local\Programs\Git\usr\bin;C:\Users\Sumit\bin;C:\Python310\Scripts;C:\Python310;C:\WINDOWS\system32;C:\WINDOWS;C:\WINDOWS\System32\Wbem;C:\WINDOWS\System32\WindowsPowerShell\v1.0;C:\WINDOWS\System32\OpenSSH;C:\Program Files\nodejs;C:\ProgramData\chocolatey\bin;C:\Program Files (x86)\Yarn\bin;C:\Program Files\apache-maven-3.8.6 new\bin;C:\Program Files\Java\jdk-17.0.1\bin;D:\QA Automation\allure-2.30.0\bin;C:\Users\Sumit\scoop\shims;C:\Users\Sumit\AppData\Local\Microsoft\WindowsApps;C:\Users\Sumit\AppData\Roaming\npm;C:\Users\Sumit\AppData\Local\Programs\Microsoft VS Code\bin;C:\Users\Sumit\AppData\Local\Yarn\bin;C:\Users\Sumit\AppData\Local\Programs\Git\cmd;C:\Users\Sumit\AppData\Local\Programs\Git\usr\bin\vendor_perl;C:\Users\Sumit\AppData\Local\Programs\Git\usr\bin\core_perl;."/>
    <property name="java.vm.info" value="mixed mode, sharing"/>
    <property name="java.vendor" value="Oracle Corporation"/>
    <property name="java.vm.version" value="17.0.1+12-LTS-39"/>
    <property name="sun.io.unicode.encoding" value="UnicodeLittle"/>
    <property name="java.class.version" value="61.0"/>
  </properties>
  <testcase name="InvalidLoginSignup" classname="testCase.LoginTest" time="18.977">
    <system-out><![CDATA[For input '12345', error message: Enter a Valid Mobile Number
For input 'abcdefghij', error message: Enter a Valid Email ID
For input '999999999999', error message: Enter a Valid Mobile Number
For input 'invalidemail@', error message: Enter a Valid Email ID
For input 'test@invaliddomain', error message: Enter a Valid Email ID
]]></system-out>
    <system-err><![CDATA[SLF4J: Failed to load class "org.slf4j.impl.StaticLoggerBinder".
SLF4J: Defaulting to no-operation (NOP) logger implementation
SLF4J: See http://www.slf4j.org/codes.html#StaticLoggerBinder for further details.
Dec 19, 2024 12:04:15 PM org.openqa.selenium.devtools.CdpVersionFinder findNearestMatch
WARNING: Unable to find an exact match for CDP version 131, returning the closest version; found: 128; Please update to a Selenium version that supports CDP version 131
]]></system-err>
  </testcase>
  <testcase name="automateLoginSignup" classname="testCase.LoginTest" time="14.968">
    <system-out><![CDATA[Login successful
]]></system-out>
  </testcase>
  <testcase name="testClickingHomepageSections" classname="testCase.HomepageTest" time="38.684">
    <system-out><![CDATA[Scrolled to element: 
Normal click failed for LHS Banner. Trying JavaScript click.
JavaScript click performed on LHS Banner.
Scrolled to element: 
Clicked on Woodsworth Banner successfully.
Scrolled to element: 
Clicked on Deals Banner successfully.
Scrolled to element: 
Clicked on Mintwud Banner successfully.
Pepperfry Logo found. Clicking on it.
Clicked on Pepperfry Logo successfully.
]]></system-out>
  </testcase>
  <testcase name="NavigateToMultipleBrandPages" classname="testCase.Brand_Clip" time="46.448">
    <system-out><![CDATA[Scrolled to the bottom of the page.
Scrolled successfully to the Popular Brands section.
Brand found: Mintwud
Navigated to Mintwud brand page.
Current page title: Buy Mintwud from Pepperfry Furniture Online @Upto 60% OFF | Pepperfry
Brand found: Woodsworth
Navigated to Woodsworth brand page.
Current page title: Buy Woodsworth from Pepperfry Furniture Online @Upto 60% OFF | Pepperfry
Brand found: CasaCraft
Brand found: Amberville
Navigated to Amberville brand page.
Current page title: Buy Amberville from Pepperfry Furniture Online @Upto 60% OFF | Pepperfry
Brand found: Mudramark
Brand found: Bohemiana
Brand found: Springtek
Brand found: Spacewood
Brand found: A Globia Creations
Brand found: Febonic
Brand found: @home
Brand found: Durian
Brand found: Wakefit
Brand found: Nilkamal
Navigated to Nilkamal brand page.
Current page title: Buy Nilkamal Furniture Online @Upto 60% OFF | Pepperfry
Brand found: Sleepycat
Brand found: Bluewud
Brand found: Duroflex
Navigated to Duroflex brand page.
Current page title: Buy Duroflex Mattresses Online @Upto 60% OFF | Pepperfry
Brand found: Sleepyhead
Brand found: Green Soul
Brand found: Orange Tree
]]></system-out>
  </testcase>
  <testcase name="verifyMoreFilters" classname="testCase.Brand_Clip" time="9.078">
    <system-out><![CDATA[More filters section clicked successfully.
Clicked on apply filter button
]]></system-out>
  </testcase>
  <testcase name="verifySortFilter" classname="testCase.Brand_Clip" time="5.917">
    <system-out><![CDATA[₹3,499
₹19,899
]]></system-out>
  </testcase>
  <testcase name="removefilter" classname="testCase.Brand_Clip" time="2.143">
    <system-out><![CDATA[Clicked on 'Clear All' to remove the applied filters
]]></system-out>
  </testcase>
  <testcase name="switchBackToFirstTab" classname="testCase.Brand_Clip" time="5.152">
    <system-out><![CDATA[Switched back to the first tab.
]]></system-out>
  </testcase>
  <testcase name="testFurnitureMenu" classname="testCase.Normal_Clip" time="14.767">
    <system-out><![CDATA[Furniture Meta Verified
]]></system-out>
  </testcase>
  <testcase name="testHomeDecorMenu" classname="testCase.Normal_Clip" time="11.888">
    <system-out><![CDATA[Home Decor Meta Verified
]]></system-out>
  </testcase>
  <testcase name="testMattressesMenu" classname="testCase.Normal_Clip" time="10.989">
    <system-out><![CDATA[Mattresses Meta Verified
]]></system-out>
  </testcase>
  <testcase name="verifyFurnitureFilters" classname="testCase.Normal_Clip" time="8.634">
    <system-out><![CDATA[Clicked on the first accordion item.
Clicked on casacraft brand
Clicked on apply filter button
Clicked on 'Clear All' to remove the applied filters
]]></system-out>
  </testcase>
  <testcase name="verifyHomeDecorFilters" classname="testCase.Normal_Clip" time="8.022">
    <system-out><![CDATA[Clicked on gold colour
Clicked on apply filter button
Clicked on 'Clear All' to remove the applied filters
]]></system-out>
  </testcase>
  <testcase name="verifyMattressesFilters" classname="testCase.Normal_Clip" time="8.211">
    <system-out><![CDATA[Clicked on 72 X 36 Inch Size
Clicked on apply filter button
Clicked on 'Clear All' to remove the applied filters
]]></system-out>
  </testcase>
  <testcase name="vipAllScenarios" classname="testCase.VipTest" time="36.148">
    <system-out><![CDATA[The Product Title is Alejandro Velvet 1 Seater Sofa In Bone White Colour
Share
By Casacraft from Pepperfry
The Product Rating is 5
The Product MRP is ₹12,999
The Product EMI text is EMI starting from  ₹625/mo View Plans
Clicked on Pincode Change button successfully
Successfully entered the new pincode i.e. 560001
The delivery Text is Delivery ₹1039 by Tue, 24 Dec 2024
The Assembly Text is Assembly ₹869 Offered By Pepperfry
Product Added to the Cart Successfully
Clicked on Buy Now CTA Successfully
]]></system-out>
  </testcase>
  <testcase name="verifyCartItems" classname="testCase.CartTest" time="0.719">
    <system-out><![CDATA[InYour Cart (1 Item)is/are present
]]></system-out>
  </testcase>
  <testcase name="verifyCartProductName" classname="testCase.CartTest" time="0.555">
    <system-out><![CDATA[The Product Name Present on cart is Alejandro Velvet 1 Seater Sofa In Bone White Colour
]]></system-out>
  </testcase>
  <testcase name="clickOnWishlistCTA" classname="testCase.CartTest" time="0.107">
    <system-out><![CDATA[Clicked on Wishlist CTA
]]></system-out>
  </testcase>
  <testcase name="switchFocusToPopup" classname="testCase.CartTest" time="1.047">
    <system-out><![CDATA[Focused switched to Pop-Up
]]></system-out>
  </testcase>
  <testcase name="cancelPopUp" classname="testCase.CartTest" time="0.117">
    <system-out><![CDATA[Closed the wishlist pop-up
]]></system-out>
  </testcase>
  <testcase name="againClickOnWishlistCTA" classname="testCase.CartTest" time="0.133">
    <system-out><![CDATA[Again clicked on Wishlist CTA
]]></system-out>
  </testcase>
  <testcase name="againSwitchFocusToPopup" classname="testCase.CartTest" time="0.647">
    <system-out><![CDATA[Again the Focused switched to wishlist Pop-Up
]]></system-out>
  </testcase>
  <testcase name="cancelWishListing" classname="testCase.CartTest" time="0.603">
    <system-out><![CDATA[The product is cancelled from being wishlisted and You are again on the cart page
]]></system-out>
  </testcase>
  <testcase name="verifyDeliveryFee" classname="testCase.CartTest" time="0.033">
    <system-out><![CDATA[The Delivery Fee is: Delivery
₹1,039
]]></system-out>
  </testcase>
  <testcase name="verifyAssemblyFee" classname="testCase.CartTest" time="0.031">
    <system-out><![CDATA[The Assembly Fee is: Assembly
₹869
]]></system-out>
  </testcase>
  <testcase name="verifyPriceChangeWithFurnitureProtection" classname="testCase.CartTest" time="1.683">
    <system-out><![CDATA[Item price before selecting protection: ₹14,907
Item price after selecting protection: ₹15,674
]]></system-out>
  </testcase>
  <testcase name="verifyDeliveryByText" classname="testCase.CartTest" time="0.543">
    <system-out><![CDATA[Your Item has a Delivery by Tue, 24 Dec 2024
]]></system-out>
  </testcase>
  <testcase name="verifyCartMrp" classname="testCase.CartTest" time="0.544">
    <system-out><![CDATA[You have products in your cart with MRP (1 Item)
₹17,999
]]></system-out>
  </testcase>
  <testcase name="verifyCartSummaryFurnitureProtection" classname="testCase.CartTest" time="0.67">
    <system-out><![CDATA[The Furniture Protection amount in cart summary is 1-Yr Protection Plan
₹767
]]></system-out>
  </testcase>
  <testcase name="verifySubTotalOnCart" classname="testCase.CartTest" time="2.049">
    <system-out><![CDATA[Cart Sub Total
₹15,674
]]></system-out>
  </testcase>
  <testcase name="verifyYouPayPrice" classname="testCase.CartTest" time="1.046">
    <system-out><![CDATA[The You Pay price is YOU PAY
₹15,674
]]></system-out>
  </testcase>
  <testcase name="verifyYouSavePrice" classname="testCase.CartTest" time="1.164">
    <system-out><![CDATA[The You Save price is You Save
₹5,000
]]></system-out>
  </testcase>
  <testcase name="enterGSTINAndSave" classname="testCase.CartTest" time="8.157">
    <system-out><![CDATA[Successfully Added GSTIN Details
Applied GSTIN has been removed
Switched to the CLIP tab: Buy 1 Seater Sofas Online with Upto 60% Off | Pepperfry
]]></system-out>
  </testcase>
  <testcase name="searchTestSku" classname="testCase.PaymentTest" time="9.84">
    <system-out><![CDATA[Searched the test product successfully
Switched to new tab: Buy 7Unique7 Automation Test SKU - Do NOT ship the order at 67% OFF by test16 | Pepperfry
]]></system-out>
  </testcase>
  <testcase name="axisBankInternetBankingPM" classname="testCase.PaymentTest" time="10.58">
    <system-out><![CDATA[Clicked on Proceed to Pay successfully for verifying Internet Banking Payment method = Axis Bank
Successfully Verified Axis Bank-Internet Banking
]]></system-out>
  </testcase>
  <testcase name="hdfcBankInternetBankingPM" classname="testCase.PaymentTest" time="14.97">
    <system-out><![CDATA[Clicked on Proceed to Pay successfully for verifying Internet Banking Payment method = HDFC Bank
Successfully Verified HDFC Bank-Internet Banking
]]></system-out>
  </testcase>
  <testcase name="mobikwikWallet" classname="testCase.PaymentTest" time="14.4">
    <system-out><![CDATA[Clicked on Proceed to Pay successfully for verifying Wallet Payment method = Mobikwik
Successfully Verified Mobikwik Wallet
]]></system-out>
  </testcase>
  <testcase name="paytmWallet" classname="testCase.PaymentTest" time="16.693">
    <system-out><![CDATA[Clicked on Proceed to Pay successfully for verifying Wallet Payment method = Paytm
Successfully Verified Paytm Wallet
]]></system-out>
  </testcase>
  <testcase name="giftCard" classname="testCase.PaymentTest" time="16.703">
    <system-out><![CDATA[GC Number entered sussessfully
GC Pin entered sussessfully
GC verified sussessfully
Clicked on Pay Now sussessfully
]]></system-out>
  </testcase>
</testsuite>