<?xml version="1.0" encoding="UTF-8"?>
<!-- Generated by org.testng.reporters.JUnitReportReporter -->
<testsuite hostname="LP-1520" failures="0" tests="1" name="testCase.SearchTestProduct" time="2.726" errors="0" timestamp="2024-10-08T16:07:56 IST" skipped="0">
  <testcase classname="testCase.SearchTestProduct" name="searchProductAfterLogin" time="2.726"/>
</testsuite> <!-- testCase.SearchTestProduct -->
