<?xml version="1.0" encoding="UTF-8"?>
<!-- Generated by org.testng.reporters.JUnitReportReporter -->
<testsuite hostname="LP-1760" failures="0" tests="6" name="testCase.PaymentTest" time="89.296" errors="0" timestamp="2024-12-21T10:27:39 IST" skipped="0">
  <testcase classname="testCase.PaymentTest" name="searchTestSku" time="13.151"/>
  <testcase classname="testCase.PaymentTest" name="axisBankInternetBankingPM" time="12.471"/>
  <testcase classname="testCase.PaymentTest" name="hdfcBankInternetBankingPM" time="14.652"/>
  <testcase classname="testCase.PaymentTest" name="mobikwikWallet" time="14.289"/>
  <testcase classname="testCase.PaymentTest" name="paytmWallet" time="17.993"/>
  <testcase classname="testCase.PaymentTest" name="giftCard" time="16.740"/>
</testsuite> <!-- testCase.PaymentTest -->
