<?xml version="1.0" encoding="UTF-8"?>
<!-- Generated by org.testng.reporters.JUnitReportReporter -->
<testsuite hostname="LP-1520" failures="0" tests="1" name="testCase.HomepageTest" time="13.248" errors="0" timestamp="2024-10-12T22:26:13 IST" skipped="0">
  <testcase classname="testCase.HomepageTest" name="heroBannerclick" time="13.248"/>
</testsuite> <!-- testCase.HomepageTest -->
