<?xml version="1.0" encoding="UTF-8"?>
<!-- Generated by org.testng.reporters.JUnitReportReporter -->
<testsuite hostname="LP-1760" failures="0" tests="2" name="testCase.LoginTest" time="34.412" errors="0" timestamp="2024-12-21T10:27:39 IST" skipped="0">
  <testcase classname="testCase.LoginTest" name="InvalidLoginSignup" time="19.179"/>
  <testcase classname="testCase.LoginTest" name="automateLoginSignup" time="15.233"/>
</testsuite> <!-- testCase.LoginTest -->
