<?xml version="1.0" encoding="UTF-8"?>
<!-- Generated by org.testng.reporters.JUnitReportReporter -->
<testsuite hostname="LP-1520" failures="0" tests="1" name="testCase.VipTest" time="7.591" errors="0" timestamp="2024-10-08T16:07:56 IST" skipped="0">
  <testcase classname="testCase.VipTest" name="addToCartAndGoToCart" time="7.591"/>
</testsuite> <!-- testCase.VipTest -->
