<?xml version="1.0" encoding="UTF-8"?>
<!-- Generated by org.testng.reporters.JUnitReportReporter -->
<testsuite hostname="LP-1520" failures="0" tests="1" name="testCase.AddToCart" time="45.329" errors="0" timestamp="2024-10-04T16:58:40 IST" skipped="0">
  <testcase classname="testCase.AddToCart" name="addToCartAndGoToCart" time="45.329"/>
</testsuite> <!-- testCase.AddToCart -->
