<?xml version="1.0" encoding="UTF-8"?>
<!-- Generated by org.testng.reporters.JUnitReportReporter -->
<testsuite hostname="LP-1760" failures="0" tests="18" name="testCase.CartTest" time="20.776" errors="0" timestamp="2024-12-21T10:27:39 IST" skipped="0">
  <testcase classname="testCase.CartTest" name="verifyCartItems" time="0.735"/>
  <testcase classname="testCase.CartTest" name="verifyCartProductName" time="0.567"/>
  <testcase classname="testCase.CartTest" name="clickOnWishlistCTA" time="0.144"/>
  <testcase classname="testCase.CartTest" name="switchFocusToPopup" time="1.058"/>
  <testcase classname="testCase.CartTest" name="cancelPopUp" time="0.143"/>
  <testcase classname="testCase.CartTest" name="againClickOnWishlistCTA" time="0.122"/>
  <testcase classname="testCase.CartTest" name="againSwitchFocusToPopup" time="0.761"/>
  <testcase classname="testCase.CartTest" name="cancelWishListing" time="0.627"/>
  <testcase classname="testCase.CartTest" name="verifyDeliveryFee" time="0.033"/>
  <testcase classname="testCase.CartTest" name="verifyAssemblyFee" time="0.036"/>
  <testcase classname="testCase.CartTest" name="verifyPriceChangeWithFurnitureProtection" time="1.681"/>
  <testcase classname="testCase.CartTest" name="verifyDeliveryByText" time="0.538"/>
  <testcase classname="testCase.CartTest" name="verifyCartMrp" time="0.582"/>
  <testcase classname="testCase.CartTest" name="verifyCartSummaryFurnitureProtection" time="0.675"/>
  <testcase classname="testCase.CartTest" name="verifySubTotalOnCart" time="2.064"/>
  <testcase classname="testCase.CartTest" name="verifyYouPayPrice" time="1.078"/>
  <testcase classname="testCase.CartTest" name="verifyYouSavePrice" time="1.200"/>
  <testcase classname="testCase.CartTest" name="enterGSTINAndSave" time="8.732"/>
</testsuite> <!-- testCase.CartTest -->
