<?xml version="1.0" encoding="UTF-8"?>
<!-- Generated by org.testng.reporters.JUnitReportReporter -->
<testsuite hostname="LP-1520" failures="0" tests="1" name="testCase.LoginTest" time="12.785" errors="0" timestamp="2024-10-15T17:16:11 IST" skipped="0">
  <testcase classname="testCase.LoginTest" name="automateLoginSignup" time="12.785"/>
</testsuite> <!-- testCase.LoginTest -->
