<?xml version="1.0" encoding="UTF-8"?>
<!-- Generated by org.testng.reporters.JUnitReportReporter -->
<testsuite hostname="LP-1520" failures="0" tests="1" name="testCase.LoginTest" time="12.283" errors="0" timestamp="2024-10-12T22:26:14 IST" skipped="0">
  <testcase classname="testCase.LoginTest" name="automateLoginSignup" time="12.283"/>
</testsuite> <!-- testCase.LoginTest -->
