<?xml version="1.0" encoding="UTF-8"?>
<!-- Generated by org.testng.reporters.JUnitReportReporter -->
<testsuite hostname="LP-1520" failures="0" tests="1" name="testCase.FirstTest" time="1.390" errors="0" timestamp="2024-09-12T16:56:59 IST" skipped="0">
  <testcase classname="testCase.FirstTest" name="LoginTest" time="1.390"/>
</testsuite> <!-- testCase.FirstTest -->
