<?xml version="1.0" encoding="UTF-8"?>
<!-- Generated by org.testng.reporters.JUnitReportReporter -->
<testsuite hostname="LP-1520" failures="0" tests="1" name="testCase.CartTest" time="1.304" errors="0" timestamp="2024-10-08T16:07:56 IST" skipped="0">
  <testcase classname="testCase.CartTest" name="qtyDropDown" time="1.304"/>
</testsuite> <!-- testCase.CartTest -->
