<?xml version="1.0" encoding="UTF-8"?>
<!-- Generated by org.testng.reporters.JUnitReportReporter -->
<testsuite hostname="LP-1520" failures="0" tests="1" name="testCase.SearchTestProduct" time="166.898" errors="0" timestamp="2024-10-24T14:32:05 IST" skipped="0">
  <testcase classname="testCase.SearchTestProduct" name="searchProductAfterLogin" time="166.898"/>
</testsuite> <!-- testCase.SearchTestProduct -->
