<?xml version="1.0" encoding="UTF-8"?>
<!-- Generated by org.testng.reporters.JUnitReportReporter -->
<testsuite hostname="LP-1760" failures="0" tests="1" name="testCase.HomepageTest" time="39.446" errors="0" timestamp="2024-12-21T10:27:39 IST" skipped="0">
  <testcase classname="testCase.HomepageTest" name="testClickingHomepageSections" time="39.446"/>
</testsuite> <!-- testCase.HomepageTest -->
