<?xml version="1.0" encoding="UTF-8"?>
<!-- Generated by org.testng.reporters.JUnitReportReporter -->
<testsuite hostname="LP-1520" failures="0" tests="1" name="testCase.PaymentTest" time="13.402" errors="0" timestamp="2024-10-13T23:25:36 IST" skipped="0">
  <testcase classname="testCase.PaymentTest" name="paymentOptions" time="13.402"/>
</testsuite> <!-- testCase.PaymentTest -->
