<?xml version="1.0" encoding="UTF-8"?>
<!-- Generated by org.testng.reporters.JUnitReportReporter -->
<testsuite hostname="LP-1520" failures="0" tests="1" name="testCase.CartTest" time="0.714" errors="0" timestamp="2024-10-15T22:07:32 IST" skipped="0">
  <testcase classname="testCase.CartTest" name="qtyDropDown" time="0.714"/>
</testsuite> <!-- testCase.CartTest -->
