<?xml version="1.0" encoding="UTF-8"?>
<!-- Generated by org.testng.reporters.JUnitReportReporter -->
<testsuite hostname="LP-1520" failures="0" tests="1" name="testCase.PaymentTest" time="14.161" errors="0" timestamp="2024-11-08T17:43:33 IST" skipped="0">
  <testcase classname="testCase.PaymentTest" name="paymentOptions" time="14.161"/>
</testsuite> <!-- testCase.PaymentTest -->
