<?xml version="1.0" encoding="UTF-8"?>
<!-- Generated by org.testng.reporters.JUnitReportReporter -->
<testsuite hostname="LP-1520" failures="0" tests="6" name="testCase.Normal_Clip" time="64.406" errors="0" timestamp="2024-11-14T06:58:21 IST" skipped="0">
  <testcase classname="testCase.Normal_Clip" name="testFurnitureMenu" time="15.422"/>
  <testcase classname="testCase.Normal_Clip" name="testMattressesMenu" time="11.093"/>
  <testcase classname="testCase.Normal_Clip" name="testHomeDecorMenu" time="11.777"/>
  <testcase classname="testCase.Normal_Clip" name="verifyFurnitureFilters" time="8.720"/>
  <testcase classname="testCase.Normal_Clip" name="verifyHomeDecorFilters" time="8.793"/>
  <testcase classname="testCase.Normal_Clip" name="verifyMattressesFilters" time="8.601"/>
</testsuite> <!-- testCase.Normal_Clip -->
