<?xml version="1.0" encoding="UTF-8"?>
<!-- Generated by org.testng.reporters.JUnitReportReporter -->
<testsuite hostname="LP-1520" failures="0" tests="2" name="testCase.LoginTest" time="31.382" errors="0" timestamp="2024-11-08T17:43:33 IST" skipped="0">
  <testcase classname="testCase.LoginTest" name="InvalidLoginSignup" time="18.880"/>
  <testcase classname="testCase.LoginTest" name="automateLoginSignup" time="12.502"/>
</testsuite> <!-- testCase.LoginTest -->
