<?xml version="1.0" encoding="UTF-8"?>
<!-- Generated by org.testng.reporters.JUnitReportReporter -->
<testsuite hostname="LP-1760" failures="0" tests="5" name="testCase.Brand_Clip" time="86.589" errors="0" timestamp="2024-12-21T12:54:52 IST" skipped="0">
  <testcase classname="testCase.Brand_Clip" name="NavigateToMultipleBrandPages" time="55.433"/>
  <testcase classname="testCase.Brand_Clip" name="verifyMoreFilters" time="13.852"/>
  <testcase classname="testCase.Brand_Clip" name="verifySortFilter" time="9.473"/>
  <testcase classname="testCase.Brand_Clip" name="removefilter" time="2.518"/>
  <testcase classname="testCase.Brand_Clip" name="switchBackToFirstTab" time="5.313"/>
</testsuite> <!-- testCase.Brand_Clip -->
