<?xml version="1.0" encoding="UTF-8"?>
<!-- Generated by org.testng.reporters.JUnitReportReporter -->
<testsuite hostname="LP-1520" failures="0" tests="2" name="testCase.LoginTest" time="32.056" errors="0" timestamp="2024-11-13T18:26:05 IST" skipped="0">
  <testcase classname="testCase.LoginTest" name="InvalidLoginSignup" time="18.739"/>
  <testcase classname="testCase.LoginTest" name="automateLoginSignup" time="13.317"/>
</testsuite> <!-- testCase.LoginTest -->
