<?xml version="1.0" encoding="UTF-8"?>
<!-- Generated by org.testng.reporters.JUnitReportReporter -->
<testsuite hostname="LP-1520" failures="0" tests="1" name="testCase.VipTest" time="36.147" errors="0" timestamp="2024-12-19T12:10:07 IST" skipped="0">
  <testcase classname="testCase.VipTest" name="vipAllScenarios" time="36.147"/>
</testsuite> <!-- testCase.VipTest -->
