<?xml version="1.0" encoding="UTF-8"?>
<!-- Generated by org.testng.reporters.JUnitReportReporter -->
<testsuite hostname="LP-1760" failures="0" tests="2" name="testCase.LoginTest" time="44.135" errors="0" timestamp="2024-12-21T12:54:52 IST" skipped="0">
  <testcase classname="testCase.LoginTest" name="InvalidLoginSignup" time="24.760"/>
  <testcase classname="testCase.LoginTest" name="automateLoginSignup" time="19.375"/>
</testsuite> <!-- testCase.LoginTest -->
