<?xml version="1.0" encoding="UTF-8"?>
<!-- Generated by org.testng.reporters.JUnitReportReporter -->
<testsuite hostname="LP-1520" failures="0" tests="1" name="testCase.VipTest" time="22.485" errors="0" timestamp="2024-11-13T18:26:05 IST" skipped="0">
  <testcase classname="testCase.VipTest" name="vipAllScenarios" time="22.485"/>
</testsuite> <!-- testCase.VipTest -->
