<?xml version="1.0" encoding="UTF-8"?>
<!-- Generated by org.testng.reporters.JUnitReportReporter -->
<testsuite hostname="LP-1520" failures="0" tests="18" name="testCase.CartTest" time="0.000" errors="0" timestamp="2024-12-19T14:59:15 IST" skipped="18">
  <testcase classname="testCase.CartTest" name="verifyCartItems" time="0.000">
    <skipped/>
  </testcase> <!-- verifyCartItems -->
  <testcase classname="testCase.CartTest" name="verifyCartProductName" time="0.000">
    <skipped/>
  </testcase> <!-- verifyCartProductName -->
  <testcase classname="testCase.CartTest" name="clickOnWishlistCTA" time="0.000">
    <skipped/>
  </testcase> <!-- clickOnWishlistCTA -->
  <testcase classname="testCase.CartTest" name="switchFocusToPopup" time="0.000">
    <skipped/>
  </testcase> <!-- switchFocusToPopup -->
  <testcase classname="testCase.CartTest" name="cancelPopUp" time="0.000">
    <skipped/>
  </testcase> <!-- cancelPopUp -->
  <testcase classname="testCase.CartTest" name="againClickOnWishlistCTA" time="0.000">
    <skipped/>
  </testcase> <!-- againClickOnWishlistCTA -->
  <testcase classname="testCase.CartTest" name="againSwitchFocusToPopup" time="0.000">
    <skipped/>
  </testcase> <!-- againSwitchFocusToPopup -->
  <testcase classname="testCase.CartTest" name="cancelWishListing" time="0.000">
    <skipped/>
  </testcase> <!-- cancelWishListing -->
  <testcase classname="testCase.CartTest" name="verifyDeliveryFee" time="0.000">
    <skipped/>
  </testcase> <!-- verifyDeliveryFee -->
  <testcase classname="testCase.CartTest" name="verifyAssemblyFee" time="0.000">
    <skipped/>
  </testcase> <!-- verifyAssemblyFee -->
  <testcase classname="testCase.CartTest" name="verifyPriceChangeWithFurnitureProtection" time="0.000">
    <skipped/>
  </testcase> <!-- verifyPriceChangeWithFurnitureProtection -->
  <testcase classname="testCase.CartTest" name="verifyDeliveryByText" time="0.000">
    <skipped/>
  </testcase> <!-- verifyDeliveryByText -->
  <testcase classname="testCase.CartTest" name="verifyCartMrp" time="0.000">
    <skipped/>
  </testcase> <!-- verifyCartMrp -->
  <testcase classname="testCase.CartTest" name="verifyCartSummaryFurnitureProtection" time="0.000">
    <skipped/>
  </testcase> <!-- verifyCartSummaryFurnitureProtection -->
  <testcase classname="testCase.CartTest" name="verifySubTotalOnCart" time="0.000">
    <skipped/>
  </testcase> <!-- verifySubTotalOnCart -->
  <testcase classname="testCase.CartTest" name="verifyYouPayPrice" time="0.000">
    <skipped/>
  </testcase> <!-- verifyYouPayPrice -->
  <testcase classname="testCase.CartTest" name="verifyYouSavePrice" time="0.000">
    <skipped/>
  </testcase> <!-- verifyYouSavePrice -->
  <testcase classname="testCase.CartTest" name="enterGSTINAndSave" time="0.000">
    <skipped/>
  </testcase> <!-- enterGSTINAndSave -->
</testsuite> <!-- testCase.CartTest -->
