<?xml version="1.0" encoding="UTF-8"?>
<!-- Generated by org.testng.reporters.JUnitReportReporter -->
<testsuite hostname="LP-1520" failures="0" tests="1" name="testCase.VipTest" time="6.557" errors="0" timestamp="2024-10-23T10:55:05 IST" skipped="0">
  <testcase classname="testCase.VipTest" name="addToCartAndGoToCart" time="6.557"/>
</testsuite> <!-- testCase.VipTest -->
