<?xml version="1.0" encoding="UTF-8"?>
<!-- Generated by org.testng.reporters.JUnitReportReporter -->
<testsuite hostname="LP-1520" failures="0" tests="1" name="testCase.LoginTest" time="14.125" errors="0" timestamp="2024-10-08T16:05:43 IST" skipped="0">
  <testcase classname="testCase.LoginTest" name="automateLoginSignup" time="14.125"/>
</testsuite> <!-- testCase.LoginTest -->
