<?xml version="1.0" encoding="UTF-8"?>
<!-- Generated by org.testng.reporters.JUnitReportReporter -->
<testsuite hostname="LP-1520" failures="0" tests="2" name="testCase.LoginTest" time="33.898" errors="0" timestamp="2024-12-19T12:10:07 IST" skipped="0">
  <testcase classname="testCase.LoginTest" name="InvalidLoginSignup" time="18.933"/>
  <testcase classname="testCase.LoginTest" name="automateLoginSignup" time="14.965"/>
</testsuite> <!-- testCase.LoginTest -->
