<?xml version="1.0" encoding="UTF-8"?>
<!-- Generated by org.testng.reporters.JUnitReportReporter -->
<testsuite hostname="LP-1520" failures="0" tests="1" name="testCase.VipFlow" time="6.572" errors="0" timestamp="2024-11-14T06:58:21 IST" skipped="0">
  <testcase classname="testCase.VipFlow" name="addToCartAndGoToCart" time="6.572"/>
</testsuite> <!-- testCase.VipFlow -->
