<?xml version="1.0" encoding="UTF-8"?>
<!-- Generated by org.testng.reporters.JUnitReportReporter -->
<testsuite hostname="LP-1520" failures="0" tests="6" name="testCase.Normal_Clip" time="70.517" errors="0" timestamp="2024-11-08T17:43:33 IST" skipped="0">
  <testcase classname="testCase.Normal_Clip" name="testMattressesMenu" time="11.338"/>
  <testcase classname="testCase.Normal_Clip" name="testHomeDecorMenu" time="12.060"/>
  <testcase classname="testCase.Normal_Clip" name="verifyFurnitureFilters" time="12.012"/>
  <testcase classname="testCase.Normal_Clip" name="verifyHomeDecorFilters" time="11.270"/>
  <testcase classname="testCase.Normal_Clip" name="testFurnitureMenu" time="15.128"/>
  <testcase classname="testCase.Normal_Clip" name="verifyMattressesFilters" time="8.709"/>
</testsuite> <!-- testCase.Normal_Clip -->
