<?xml version="1.0" encoding="UTF-8"?>
<!-- Generated by org.testng.reporters.JUnitReportReporter -->
<testsuite hostname="LP-1520" failures="0" tests="5" name="testCase.Brand_Clip" time="0.004" errors="0" timestamp="2024-12-19T14:59:15 IST" skipped="5">
  <testcase classname="testCase.Brand_Clip" name="NavigateToMultipleBrandPages" time="0.001">
    <skipped/>
  </testcase> <!-- NavigateToMultipleBrandPages -->
  <testcase classname="testCase.Brand_Clip" name="verifyMoreFilters" time="0.000">
    <skipped/>
  </testcase> <!-- verifyMoreFilters -->
  <testcase classname="testCase.Brand_Clip" name="verifySortFilter" time="0.000">
    <skipped/>
  </testcase> <!-- verifySortFilter -->
  <testcase classname="testCase.Brand_Clip" name="removefilter" time="0.000">
    <skipped/>
  </testcase> <!-- removefilter -->
  <testcase classname="testCase.Brand_Clip" name="switchBackToFirstTab" time="0.003">
    <skipped/>
  </testcase> <!-- switchBackToFirstTab -->
</testsuite> <!-- testCase.Brand_Clip -->
