<?xml version="1.0" encoding="UTF-8"?>
<!-- Generated by org.testng.reporters.JUnitReportReporter -->
<testsuite hostname="LP-1520" failures="0" tests="6" name="testCase.PaymentTest" time="83.179" errors="0" timestamp="2024-12-19T12:10:07 IST" skipped="0">
  <testcase classname="testCase.PaymentTest" name="searchTestSku" time="9.840"/>
  <testcase classname="testCase.PaymentTest" name="axisBankInternetBankingPM" time="10.579"/>
  <testcase classname="testCase.PaymentTest" name="hdfcBankInternetBankingPM" time="14.968"/>
  <testcase classname="testCase.PaymentTest" name="mobikwikWallet" time="14.398"/>
  <testcase classname="testCase.PaymentTest" name="paytmWallet" time="16.692"/>
  <testcase classname="testCase.PaymentTest" name="giftCard" time="16.702"/>
</testsuite> <!-- testCase.PaymentTest -->
