<?xml version="1.0" encoding="UTF-8"?>
<!-- Generated by org.testng.reporters.JUnitReportReporter -->
<testsuite hostname="LP-1520" failures="0" tests="6" name="testCase.PaymentTest" time="0.001" errors="0" timestamp="2024-12-19T14:59:15 IST" skipped="6">
  <testcase classname="testCase.PaymentTest" name="searchTestSku" time="0.001">
    <skipped/>
  </testcase> <!-- searchTestSku -->
  <testcase classname="testCase.PaymentTest" name="axisBankInternetBankingPM" time="0.000">
    <skipped/>
  </testcase> <!-- axisBankInternetBankingPM -->
  <testcase classname="testCase.PaymentTest" name="hdfcBankInternetBankingPM" time="0.000">
    <skipped/>
  </testcase> <!-- hdfcBankInternetBankingPM -->
  <testcase classname="testCase.PaymentTest" name="mobikwikWallet" time="0.000">
    <skipped/>
  </testcase> <!-- mobikwikWallet -->
  <testcase classname="testCase.PaymentTest" name="paytmWallet" time="0.000">
    <skipped/>
  </testcase> <!-- paytmWallet -->
  <testcase classname="testCase.PaymentTest" name="giftCard" time="0.000">
    <skipped/>
  </testcase> <!-- giftCard -->
</testsuite> <!-- testCase.PaymentTest -->
