<?xml version="1.0" encoding="UTF-8"?>
<!-- Generated by org.testng.reporters.JUnitReportReporter -->
<testsuite hostname="LP-1520" failures="0" tests="18" name="testCase.CartTest" time="19.794" errors="0" timestamp="2024-12-19T12:10:07 IST" skipped="0">
  <testcase classname="testCase.CartTest" name="verifyCartItems" time="0.700"/>
  <testcase classname="testCase.CartTest" name="verifyCartProductName" time="0.554"/>
  <testcase classname="testCase.CartTest" name="clickOnWishlistCTA" time="0.096"/>
  <testcase classname="testCase.CartTest" name="switchFocusToPopup" time="1.044"/>
  <testcase classname="testCase.CartTest" name="cancelPopUp" time="0.112"/>
  <testcase classname="testCase.CartTest" name="againClickOnWishlistCTA" time="0.132"/>
  <testcase classname="testCase.CartTest" name="againSwitchFocusToPopup" time="0.648"/>
  <testcase classname="testCase.CartTest" name="cancelWishListing" time="0.601"/>
  <testcase classname="testCase.CartTest" name="verifyDeliveryFee" time="0.032"/>
  <testcase classname="testCase.CartTest" name="verifyAssemblyFee" time="0.028"/>
  <testcase classname="testCase.CartTest" name="verifyPriceChangeWithFurnitureProtection" time="1.681"/>
  <testcase classname="testCase.CartTest" name="verifyDeliveryByText" time="0.542"/>
  <testcase classname="testCase.CartTest" name="verifyCartMrp" time="0.544"/>
  <testcase classname="testCase.CartTest" name="verifyCartSummaryFurnitureProtection" time="0.669"/>
  <testcase classname="testCase.CartTest" name="verifySubTotalOnCart" time="2.049"/>
  <testcase classname="testCase.CartTest" name="verifyYouPayPrice" time="1.045"/>
  <testcase classname="testCase.CartTest" name="verifyYouSavePrice" time="1.161"/>
  <testcase classname="testCase.CartTest" name="enterGSTINAndSave" time="8.156"/>
</testsuite> <!-- testCase.CartTest -->
