<?xml version="1.0" encoding="UTF-8"?>
<!-- Generated by org.testng.reporters.JUnitReportReporter -->
<testsuite hostname="LP-1520" failures="0" tests="5" name="testCase.Brand_Clip" time="68.711" errors="0" timestamp="2024-12-19T12:10:07 IST" skipped="0">
  <testcase classname="testCase.Brand_Clip" name="NavigateToMultipleBrandPages" time="46.441"/>
  <testcase classname="testCase.Brand_Clip" name="verifyMoreFilters" time="9.076"/>
  <testcase classname="testCase.Brand_Clip" name="verifySortFilter" time="5.901"/>
  <testcase classname="testCase.Brand_Clip" name="removefilter" time="2.143"/>
  <testcase classname="testCase.Brand_Clip" name="switchBackToFirstTab" time="5.150"/>
</testsuite> <!-- testCase.Brand_Clip -->
