<?xml version="1.0" encoding="UTF-8"?>
<!-- Generated by org.testng.reporters.JUnitReportReporter -->
<testsuite hostname="LP-1520" failures="0" tests="1" name="testCase.HomepageTest" time="0.000" errors="0" timestamp="2024-12-19T14:59:15 IST" skipped="1">
  <testcase classname="testCase.HomepageTest" name="testClickingHomepageSections" time="0.000">
    <skipped/>
  </testcase> <!-- testClickingHomepageSections -->
</testsuite> <!-- testCase.HomepageTest -->
