<?xml version="1.0" encoding="UTF-8"?>
<!-- Generated by org.testng.reporters.JUnitReportReporter -->
<testsuite hostname="LP-1760" failures="0" tests="6" name="testCase.PaymentTest" time="114.233" errors="0" timestamp="2024-12-21T12:54:52 IST" skipped="0">
  <testcase classname="testCase.PaymentTest" name="searchTestSku" time="12.497"/>
  <testcase classname="testCase.PaymentTest" name="axisBankInternetBankingPM" time="13.763"/>
  <testcase classname="testCase.PaymentTest" name="hdfcBankInternetBankingPM" time="19.643"/>
  <testcase classname="testCase.PaymentTest" name="mobikwikWallet" time="21.654"/>
  <testcase classname="testCase.PaymentTest" name="paytmWallet" time="24.801"/>
  <testcase classname="testCase.PaymentTest" name="giftCard" time="21.875"/>
</testsuite> <!-- testCase.PaymentTest -->
