<?xml version="1.0" encoding="UTF-8"?>
<!-- Generated by org.testng.reporters.JUnitReportReporter -->
<testsuite hostname="LP-1520" failures="0" tests="18" name="testCase.CartTest" time="20.327" errors="0" timestamp="2024-11-13T18:26:05 IST" skipped="0">
  <testcase classname="testCase.CartTest" name="verifyCartItems" time="0.543"/>
  <testcase classname="testCase.CartTest" name="verifyCartProductName" time="0.556"/>
  <testcase classname="testCase.CartTest" name="clickOnWishlistCTA" time="0.087"/>
  <testcase classname="testCase.CartTest" name="switchFocusToPopup" time="1.038"/>
  <testcase classname="testCase.CartTest" name="cancelPopUp" time="0.089"/>
  <testcase classname="testCase.CartTest" name="againClickOnWishlistCTA" time="0.097"/>
  <testcase classname="testCase.CartTest" name="againSwitchFocusToPopup" time="0.533"/>
  <testcase classname="testCase.CartTest" name="cancelWishListing" time="0.585"/>
  <testcase classname="testCase.CartTest" name="verifyDeliveryFee" time="0.036"/>
  <testcase classname="testCase.CartTest" name="verifyAssemblyFee" time="0.040"/>
  <testcase classname="testCase.CartTest" name="verifyPriceChangeWithFurnitureProtection" time="1.670"/>
  <testcase classname="testCase.CartTest" name="verifyDeliveryByText" time="0.545"/>
  <testcase classname="testCase.CartTest" name="verifyCartMrp" time="0.554"/>
  <testcase classname="testCase.CartTest" name="verifyCartSummaryFurnitureProtection" time="0.563"/>
  <testcase classname="testCase.CartTest" name="verifySubTotalOnCart" time="2.068"/>
  <testcase classname="testCase.CartTest" name="verifyYouPayPrice" time="1.084"/>
  <testcase classname="testCase.CartTest" name="verifyYouSavePrice" time="1.054"/>
  <testcase classname="testCase.CartTest" name="switchBackToFirstTab" time="9.185"/>
</testsuite> <!-- testCase.CartTest -->
