<?xml version="1.0" encoding="UTF-8"?>
<!-- Generated by org.testng.reporters.JUnitReportReporter -->
<testsuite hostname="LP-1520" failures="0" tests="6" name="testCase.Normal_Clip" time="62.496" errors="0" timestamp="2024-12-19T12:10:07 IST" skipped="0">
  <testcase classname="testCase.Normal_Clip" name="verifyMattressesFilters" time="8.207"/>
  <testcase classname="testCase.Normal_Clip" name="testHomeDecorMenu" time="11.886"/>
  <testcase classname="testCase.Normal_Clip" name="verifyFurnitureFilters" time="8.632"/>
  <testcase classname="testCase.Normal_Clip" name="testMattressesMenu" time="10.985"/>
  <testcase classname="testCase.Normal_Clip" name="testFurnitureMenu" time="14.765"/>
  <testcase classname="testCase.Normal_Clip" name="verifyHomeDecorFilters" time="8.021"/>
</testsuite> <!-- testCase.Normal_Clip -->
