<?xml version="1.0" encoding="UTF-8"?>
<!-- Generated by org.testng.reporters.JUnitReportReporter -->
<testsuite hostname="LP-1520" failures="0" tests="1" name="testCase.CartTest" time="0.832" errors="0" timestamp="2024-10-16T21:31:28 IST" skipped="0">
  <testcase classname="testCase.CartTest" name="qtyDropDown" time="0.832"/>
</testsuite> <!-- testCase.CartTest -->
