<?xml version="1.0" encoding="UTF-8"?>
<!-- Generated by org.testng.reporters.JUnitReportReporter -->
<testsuite hostname="LP-1520" failures="0" tests="1" name="testCase.VipTest" time="25.677" errors="0" timestamp="2024-11-14T06:58:21 IST" skipped="0">
  <testcase classname="testCase.VipTest" name="vipAllScenarios" time="25.677"/>
</testsuite> <!-- testCase.VipTest -->
