<?xml version="1.0" encoding="UTF-8"?>
<!-- Generated by org.testng.reporters.JUnitReportReporter -->
<testsuite hostname="LP-1760" failures="0" tests="6" name="testCase.Normal_Clip" time="87.410" errors="0" timestamp="2024-12-21T12:54:52 IST" skipped="0">
  <testcase classname="testCase.Normal_Clip" name="verifyFurnitureFilters" time="12.372"/>
  <testcase classname="testCase.Normal_Clip" name="verifyMattressesFilters" time="14.432"/>
  <testcase classname="testCase.Normal_Clip" name="testMattressesMenu" time="12.974"/>
  <testcase classname="testCase.Normal_Clip" name="testHomeDecorMenu" time="14.762"/>
  <testcase classname="testCase.Normal_Clip" name="testFurnitureMenu" time="19.340"/>
  <testcase classname="testCase.Normal_Clip" name="verifyHomeDecorFilters" time="13.530"/>
</testsuite> <!-- testCase.Normal_Clip -->
