<?xml version="1.0" encoding="UTF-8"?>
<!-- Generated by org.testng.reporters.JUnitReportReporter -->
<testsuite hostname="LP-1760" failures="0" tests="18" name="testCase.CartTest" time="32.130" errors="0" timestamp="2024-12-21T12:54:52 IST" skipped="0">
  <testcase classname="testCase.CartTest" name="verifyCartItems" time="0.862"/>
  <testcase classname="testCase.CartTest" name="verifyCartProductName" time="0.611"/>
  <testcase classname="testCase.CartTest" name="clickOnWishlistCTA" time="0.185"/>
  <testcase classname="testCase.CartTest" name="switchFocusToPopup" time="1.101"/>
  <testcase classname="testCase.CartTest" name="cancelPopUp" time="0.239"/>
  <testcase classname="testCase.CartTest" name="againClickOnWishlistCTA" time="0.301"/>
  <testcase classname="testCase.CartTest" name="againSwitchFocusToPopup" time="0.929"/>
  <testcase classname="testCase.CartTest" name="cancelWishListing" time="0.696"/>
  <testcase classname="testCase.CartTest" name="verifyDeliveryFee" time="0.114"/>
  <testcase classname="testCase.CartTest" name="verifyAssemblyFee" time="10.256"/>
  <testcase classname="testCase.CartTest" name="verifyPriceChangeWithFurnitureProtection" time="1.839"/>
  <testcase classname="testCase.CartTest" name="verifyDeliveryByText" time="0.571"/>
  <testcase classname="testCase.CartTest" name="verifyCartMrp" time="0.561"/>
  <testcase classname="testCase.CartTest" name="verifyCartSummaryFurnitureProtection" time="0.830"/>
  <testcase classname="testCase.CartTest" name="verifySubTotalOnCart" time="2.084"/>
  <testcase classname="testCase.CartTest" name="verifyYouPayPrice" time="1.064"/>
  <testcase classname="testCase.CartTest" name="verifyYouSavePrice" time="1.252"/>
  <testcase classname="testCase.CartTest" name="enterGSTINAndSave" time="8.635"/>
</testsuite> <!-- testCase.CartTest -->
