<?xml version="1.0" encoding="UTF-8"?>
<!-- Generated by org.testng.reporters.JUnitReportReporter -->
<testsuite hostname="LP-1520" failures="0" tests="18" name="testCase.CartTest" time="30.967" errors="0" timestamp="2024-11-14T06:58:21 IST" skipped="0">
  <testcase classname="testCase.CartTest" name="verifyCartItems" time="0.581"/>
  <testcase classname="testCase.CartTest" name="verifyCartProductName" time="0.558"/>
  <testcase classname="testCase.CartTest" name="clickOnWishlistCTA" time="0.135"/>
  <testcase classname="testCase.CartTest" name="switchFocusToPopup" time="1.052"/>
  <testcase classname="testCase.CartTest" name="cancelPopUp" time="0.111"/>
  <testcase classname="testCase.CartTest" name="againClickOnWishlistCTA" time="0.123"/>
  <testcase classname="testCase.CartTest" name="againSwitchFocusToPopup" time="0.540"/>
  <testcase classname="testCase.CartTest" name="cancelWishListing" time="0.651"/>
  <testcase classname="testCase.CartTest" name="verifyDeliveryFee" time="0.088"/>
  <testcase classname="testCase.CartTest" name="verifyAssemblyFee" time="10.198"/>
  <testcase classname="testCase.CartTest" name="verifyPriceChangeWithFurnitureProtection" time="1.724"/>
  <testcase classname="testCase.CartTest" name="verifyDeliveryByText" time="0.582"/>
  <testcase classname="testCase.CartTest" name="verifyCartMrp" time="0.585"/>
  <testcase classname="testCase.CartTest" name="verifyCartSummaryFurnitureProtection" time="0.557"/>
  <testcase classname="testCase.CartTest" name="verifySubTotalOnCart" time="2.068"/>
  <testcase classname="testCase.CartTest" name="verifyYouPayPrice" time="1.045"/>
  <testcase classname="testCase.CartTest" name="verifyYouSavePrice" time="1.067"/>
  <testcase classname="testCase.CartTest" name="switchBackToFirstTab" time="9.302"/>
</testsuite> <!-- testCase.CartTest -->
