<?xml version="1.0" encoding="UTF-8"?>
<!-- Generated by org.testng.reporters.JUnitReportReporter -->
<testsuite hostname="LP-1760" failures="0" tests="1" name="testCase.VipTest" time="41.344" errors="0" timestamp="2024-12-21T12:54:52 IST" skipped="0">
  <testcase classname="testCase.VipTest" name="vipAllScenarios" time="41.344"/>
</testsuite> <!-- testCase.VipTest -->
