<?xml version="1.0" encoding="UTF-8"?>
<!-- Generated by org.testng.reporters.JUnitReportReporter -->
<testsuite hostname="LP-1760" failures="0" tests="1" name="testCase.HomepageTest" time="40.084" errors="0" timestamp="2024-12-21T12:54:52 IST" skipped="0">
  <testcase classname="testCase.HomepageTest" name="testClickingHomepageSections" time="40.084"/>
</testsuite> <!-- testCase.HomepageTest -->
