<?xml version="1.0" encoding="UTF-8"?>
<!-- Generated by org.testng.reporters.JUnitReportReporter -->
<testsuite hostname="LP-1520" failures="0" tests="2" name="testCase.LoginTest" time="33.202" errors="0" timestamp="2024-10-23T10:55:05 IST" skipped="0">
  <testcase classname="testCase.LoginTest" name="InvalidLoginSignup" time="18.826"/>
  <testcase classname="testCase.LoginTest" name="automateLoginSignup" time="14.376"/>
</testsuite> <!-- testCase.LoginTest -->
