<?xml version="1.0" encoding="UTF-8"?>
<!-- Generated by org.testng.reporters.JUnitReportReporter -->
<testsuite hostname="LP-1520" failures="0" tests="1" name="testCase.HomepageTest" time="38.683" errors="0" timestamp="2024-12-19T12:10:07 IST" skipped="0">
  <testcase classname="testCase.HomepageTest" name="testClickingHomepageSections" time="38.683"/>
</testsuite> <!-- testCase.HomepageTest -->
