<?xml version="1.0" encoding="UTF-8"?>
<!-- Generated by org.testng.reporters.JUnitReportReporter -->
<testsuite hostname="LP-1520" failures="0" tests="6" name="testCase.Normal_Clip" time="0.000" errors="0" timestamp="2024-12-19T14:59:15 IST" skipped="6">
  <testcase classname="testCase.Normal_Clip" name="verifyMattressesFilters" time="0.000">
    <skipped/>
  </testcase> <!-- verifyMattressesFilters -->
  <testcase classname="testCase.Normal_Clip" name="testMattressesMenu" time="0.000">
    <skipped/>
  </testcase> <!-- testMattressesMenu -->
  <testcase classname="testCase.Normal_Clip" name="testHomeDecorMenu" time="0.000">
    <skipped/>
  </testcase> <!-- testHomeDecorMenu -->
  <testcase classname="testCase.Normal_Clip" name="verifyHomeDecorFilters" time="0.000">
    <skipped/>
  </testcase> <!-- verifyHomeDecorFilters -->
  <testcase classname="testCase.Normal_Clip" name="testFurnitureMenu" time="0.000">
    <skipped/>
  </testcase> <!-- testFurnitureMenu -->
  <testcase classname="testCase.Normal_Clip" name="verifyFurnitureFilters" time="0.000">
    <skipped/>
  </testcase> <!-- verifyFurnitureFilters -->
</testsuite> <!-- testCase.Normal_Clip -->
